<?xml version="1.0" encoding="UTF-8"?>
<!-- Generated by org.testng.reporters.JUnitReportReporter -->
<testsuite hostname="DESKTOP-8HIEVKR" failures="0" tests="1" name="practice.DemoTest" time="0.016" errors="0" timestamp="2022-09-08T22:22:22 IST" skipped="0">
  <testcase classname="practice.DemoTest" name="demo" time="0.016"/>
  <system-out/>
</testsuite> <!-- practice.DemoTest -->
